Input file: ./P3-4.ss
   1: (define (main)
   2: 	(display (+ 6 3))
   3: 	(newline)
   4: 	(display (+ 4.1 2.5))
   5: 	(newline)
   6: 	(display (+ 4.7 2.5))
   7: 	(newline)
   8: 	(display (- 6 3))
   9: 	(newline)
  10: 	(display (- 4.1 2.5))
  11: 	(newline)
  12: 	(display (- 4.7 2.5))
  13: 	(newline)
  14: 	(display (* 6 3))
  15: 	(newline)
  16: 	(display (* 4.1 2.5))
  17: 	(newline)
  18: 	(display (* 4.7 2.5))
  19: 	(newline)
  20: 	(display (/ 6 3))
  21: 	(newline)
  22: 	(display (/ 4.1 2.5))
  23: 	(newline)
  24: 	(display (/ 4.7 2.5))
  25: 	(newline)
  26: 	(display (modulo 6 3))
  27: 	(newline)
  28: 	(display (modulo 14 8))
  29: 	(newline)
  30: 	(display (round 6.3))
  31: 	(newline)
  32: 	(display (round 14.8))
  33: 	(newline)
  34: )
  35: 
  36: (main)
0 errors found in input file
